Build started 2016/07/19 12:00:45.
     1>Project "C:\Users\Ken\Desktop\Individual\defencShoot\Development1\defence\defence.vcxproj" on node 2 (Build target(s)).
     1>ClCompile:
         C:\Program Files (x86)\Microsoft Visual Studio 12.0\VC\bin\CL.exe /c /ZI /nologo /W3 /WX- /Od /Oy- /D WIN32 /D _DEBUG /D _WINDOWS /D _MBCS /Gm /EHsc /RTC1 /MDd /GS /fp:precise /Zc:wchar_t /Zc:forScope /Fo"Debug\\" /Fd"Debug\vc120.pdb" /Gd /TP /analyze- /errorReport:prompt src\Title.cpp
         Title.cpp
       Link:
         C:\Program Files (x86)\Microsoft Visual Studio 12.0\VC\bin\link.exe /ERRORREPORT:PROMPT /OUT:"C:\Users\Ken\Desktop\Individual\defencShoot\Development1\Debug\defence.exe" /INCREMENTAL /NOLOGO kernel32.lib user32.lib gdi32.lib winspool.lib comdlg32.lib advapi32.lib shell32.lib ole32.lib oleaut32.lib uuid.lib odbc32.lib odbccp32.lib /MANIFEST /MANIFESTUAC:"level='asInvoker' uiAccess='false'" /manifest:embed /DEBUG /PDB:"C:\Users\Ken\Desktop\Individual\defencShoot\Development1\Debug\defence.pdb" /SUBSYSTEM:WINDOWS /TLBID:1 /DYNAMICBASE /NXCOMPAT /IMPLIB:"C:\Users\Ken\Desktop\Individual\defencShoot\Development1\Debug\defence.lib" /MACHINE:X86 Debug\res.res
         Debug\CharBase.obj
         Debug\effect.obj
         Debug\esing.obj
         Debug\Gameover.obj
         Debug\GameStart.obj
         Debug\gplib.obj
         Debug\end.obj
         Debug\main.obj
         Debug\stage1.obj
         Debug\Title.obj
         defence.vcxproj -> C:\Users\Ken\Desktop\Individual\defencShoot\Development1\Debug\defence.exe
     1>Done Building Project "C:\Users\Ken\Desktop\Individual\defencShoot\Development1\defence\defence.vcxproj" (Build target(s)).

Build succeeded.

Time Elapsed 00:00:01.24
